# JRE version: Java(TM) SE Runtime Environment (9.0+11) (build 9.0.1+11)
# Java VM: Java HotSpot(TM) 64-Bit Server VM (9.0.1+11, mixed mode, tiered, compressed oops, g1 gc, linux-amd64)
Heap:
 garbage-first heap   total 380928K, used 65859K [0x0000000084e00000, 0x0000000084f00ba0, 0x0000000100000000)
  region size 1024K, 3 young (3072K), 3 survivors (3072K)
 Metaspace       used 11745K, capacity 12598K, committed 12672K, reserved 1060864K
  class space    used 1157K, capacity 1354K, committed 1408K, reserved 1048576K
GC Heap History (10 events):
Event: 4.008 GC heap after
{Heap after GC invocations=1 (full 0):
 garbage-first heap   total 126976K, used 10360K [0x0000000084e00000, 0x0000000084f003e0, 0x0000000100000000)
  region size 1024K, 2 young (2048K), 2 survivors (2048K)
 Metaspace       used 11726K, capacity 12534K, committed 12672K, reserved 1060864K
  class space    used 1157K, capacity 1354K, committed 1408K, reserved 1048576K
}
Event: 4.518 GC heap before
{Heap before GC invocations=1 (full 0):
 garbage-first heap   total 126976K, used 91256K [0x0000000084e00000, 0x0000000084f003e0, 0x0000000100000000)
  region size 1024K, 36 young (36864K), 2 survivors (2048K)
 Metaspace       used 11745K, capacity 12598K, committed 12672K, reserved 1060864K
  class space    used 1157K, capacity 1354K, committed 1408K, reserved 1048576K
}
Event: 4.527 GC heap after
{Heap after GC invocations=2 (full 0):
 garbage-first heap   total 126976K, used 57847K [0x0000000084e00000, 0x0000000084f003e0, 0x0000000100000000)
  region size 1024K, 3 young (3072K), 3 survivors (3072K)
 Metaspace       used 11745K, capacity 12598K, committed 12672K, reserved 1060864K
  class space    used 1157K, capacity 1354K, committed 1408K, reserved 1048576K
}
Event: 4.560 GC heap before
{Heap before GC invocations=3 (full 0):
 garbage-first heap   total 126976K, used 60919K [0x0000000084e00000, 0x0000000084f003e0, 0x0000000100000000)
  region size 1024K, 5 young (5120K), 3 survivors (3072K)
 Metaspace       used 11745K, capacity 12598K, committed 12672K, reserved 1060864K
  class space    used 1157K, capacity 1354K, committed 1408K, reserved 1048576K
}
Event: 4.572 GC heap after
{Heap after GC invocations=4 (full 0):
 garbage-first heap   total 126976K, used 59611K [0x0000000084e00000, 0x0000000084f003e0, 0x0000000100000000)
  region size 1024K, 3 young (3072K), 3 survivors (3072K)
 Metaspace       used 11745K, capacity 12598K, committed 12672K, reserved 1060864K
  class space    used 1157K, capacity 1354K, committed 1408K, reserved 1048576K
}
Event: 4.772 GC heap before
{Heap before GC invocations=5 (full 0):
 garbage-first heap   total 126976K, used 63707K [0x0000000084e00000, 0x0000000084f003e0, 0x0000000100000000)
  region size 1024K, 6 young (6144K), 3 survivors (3072K)
 Metaspace       used 11745K, capacity 12598K, committed 12672K, reserved 1060864K
  class space    used 1157K, capacity 1354K, committed 1408K, reserved 1048576K
}
Event: 4.789 GC heap after
{Heap after GC invocations=6 (full 0):
 garbage-first heap   total 126976K, used 61779K [0x0000000084e00000, 0x0000000084f003e0, 0x0000000100000000)
  region size 1024K, 3 young (3072K), 3 survivors (3072K)
 Metaspace       used 11745K, capacity 12598K, committed 12672K, reserved 1060864K
  class space    used 1157K, capacity 1354K, committed 1408K, reserved 1048576K
}
Event: 4.860 GC heap before
{Heap before GC invocations=7 (full 0):
 garbage-first heap   total 126976K, used 64851K [0x0000000084e00000, 0x0000000084f003e0, 0x0000000100000000)
  region size 1024K, 5 young (5120K), 3 survivors (3072K)
 Metaspace       used 11745K, capacity 12598K, committed 12672K, reserved 1060864K
  class space    used 1157K, capacity 1354K, committed 1408K, reserved 1048576K
}
Event: 4.872 GC heap after
{Heap after GC invocations=8 (full 0):
 garbage-first heap   total 126976K, used 63709K [0x0000000084e00000, 0x0000000084f003e0, 0x0000000100000000)
  region size 1024K, 3 young (3072K), 3 survivors (3072K)
 Metaspace       used 11745K, capacity 12598K, committed 12672K, reserved 1060864K
  class space    used 1157K, capacity 1354K, committed 1408K, reserved 1048576K
}
Event: 5.022 GC heap before
{Heap before GC invocations=9 (full 0):
 garbage-first heap   total 126976K, used 67805K [0x0000000084e00000, 0x0000000084f003e0, 0x0000000100000000)
  region size 1024K, 6 young (6144K), 3 survivors (3072K)
 Metaspace       used 11745K, capacity 12598K, committed 12672K, reserved 1060864K
  class space    used 1157K, capacity 1354K, committed 1408K, reserved 1048576K
}

