# JRE version: Java(TM) SE Runtime Environment (9.0+11) (build 9.0.1+11)
# Java VM: Java HotSpot(TM) 64-Bit Server VM (9.0.1+11, mixed mode, tiered, compressed oops, g1 gc, linux-amd64)
Heap:
 garbage-first heap   total 380928K, used 65806K [0x0000000084e00000, 0x0000000084f00ba0, 0x0000000100000000)
  region size 1024K, 3 young (3072K), 3 survivors (3072K)
 Metaspace       used 12206K, capacity 12980K, committed 13184K, reserved 1060864K
  class space    used 1214K, capacity 1396K, committed 1408K, reserved 1048576K
GC Heap History (10 events):
Event: 2.332 GC heap after
{Heap after GC invocations=1 (full 0):
 garbage-first heap   total 126976K, used 2200K [0x0000000084e00000, 0x0000000084f003e0, 0x0000000100000000)
  region size 1024K, 2 young (2048K), 2 survivors (2048K)
 Metaspace       used 11975K, capacity 12768K, committed 12928K, reserved 1060864K
  class space    used 1198K, capacity 1392K, committed 1408K, reserved 1048576K
}
Event: 3.340 GC heap before
{Heap before GC invocations=1 (full 0):
 garbage-first heap   total 126976K, used 96408K [0x0000000084e00000, 0x0000000084f003e0, 0x0000000100000000)
  region size 1024K, 41 young (41984K), 2 survivors (2048K)
 Metaspace       used 12206K, capacity 12980K, committed 13184K, reserved 1060864K
  class space    used 1214K, capacity 1396K, committed 1408K, reserved 1048576K
}
Event: 3.360 GC heap after
{Heap after GC invocations=2 (full 0):
 garbage-first heap   total 126976K, used 57782K [0x0000000084e00000, 0x0000000084f003e0, 0x0000000100000000)
  region size 1024K, 3 young (3072K), 3 survivors (3072K)
 Metaspace       used 12206K, capacity 12980K, committed 13184K, reserved 1060864K
  class space    used 1214K, capacity 1396K, committed 1408K, reserved 1048576K
}
Event: 3.418 GC heap before
{Heap before GC invocations=3 (full 0):
 garbage-first heap   total 126976K, used 60854K [0x0000000084e00000, 0x0000000084f003e0, 0x0000000100000000)
  region size 1024K, 5 young (5120K), 3 survivors (3072K)
 Metaspace       used 12206K, capacity 12980K, committed 13184K, reserved 1060864K
  class space    used 1214K, capacity 1396K, committed 1408K, reserved 1048576K
}
Event: 3.421 GC heap after
{Heap after GC invocations=4 (full 0):
 garbage-first heap   total 126976K, used 59746K [0x0000000084e00000, 0x0000000084f003e0, 0x0000000100000000)
  region size 1024K, 3 young (3072K), 3 survivors (3072K)
 Metaspace       used 12206K, capacity 12980K, committed 13184K, reserved 1060864K
  class space    used 1214K, capacity 1396K, committed 1408K, reserved 1048576K
}
Event: 3.463 GC heap before
{Heap before GC invocations=5 (full 0):
 garbage-first heap   total 126976K, used 62818K [0x0000000084e00000, 0x0000000084f003e0, 0x0000000100000000)
  region size 1024K, 5 young (5120K), 3 survivors (3072K)
 Metaspace       used 12206K, capacity 12980K, committed 13184K, reserved 1060864K
  class space    used 1214K, capacity 1396K, committed 1408K, reserved 1048576K
}
Event: 3.469 GC heap after
{Heap after GC invocations=6 (full 0):
 garbage-first heap   total 126976K, used 61795K [0x0000000084e00000, 0x0000000084f003e0, 0x0000000100000000)
  region size 1024K, 3 young (3072K), 3 survivors (3072K)
 Metaspace       used 12206K, capacity 12980K, committed 13184K, reserved 1060864K
  class space    used 1214K, capacity 1396K, committed 1408K, reserved 1048576K
}
Event: 3.483 GC heap before
{Heap before GC invocations=7 (full 0):
 garbage-first heap   total 126976K, used 64867K [0x0000000084e00000, 0x0000000084f003e0, 0x0000000100000000)
  region size 1024K, 5 young (5120K), 3 survivors (3072K)
 Metaspace       used 12206K, capacity 12980K, committed 13184K, reserved 1060864K
  class space    used 1214K, capacity 1396K, committed 1408K, reserved 1048576K
}
Event: 3.489 GC heap after
{Heap after GC invocations=8 (full 0):
 garbage-first heap   total 126976K, used 63946K [0x0000000084e00000, 0x0000000084f003e0, 0x0000000100000000)
  region size 1024K, 3 young (3072K), 3 survivors (3072K)
 Metaspace       used 12206K, capacity 12980K, committed 13184K, reserved 1060864K
  class space    used 1214K, capacity 1396K, committed 1408K, reserved 1048576K
}
Event: 3.525 GC heap before
{Heap before GC invocations=9 (full 0):
 garbage-first heap   total 126976K, used 67018K [0x0000000084e00000, 0x0000000084f003e0, 0x0000000100000000)
  region size 1024K, 5 young (5120K), 3 survivors (3072K)
 Metaspace       used 12206K, capacity 12980K, committed 13184K, reserved 1060864K
  class space    used 1214K, capacity 1396K, committed 1408K, reserved 1048576K
}

